{
  "RSpec": {
    "coverage": {
      "F:/RubymineProjects/Quicksort/code/quicksort.rb": [
        1,
        null,
        1,
        null,
        null,
        null,
        3980,
        null,
        12,
        null,
        null,
        3980,
        null,
        1995,
        null,
        null,
        null,
        1985,
        null,
        null,
        1985,
        1985,
        null,
        null,
        1985,
        null,
        1985,
        41966,
        24775,
        7717,
        7717,
        7717,
        null,
        17057,
        null,
        null,
        17191,
        6602,
        6602,
        6602,
        null,
        10589,
        null,
        null,
        0,
        null,
        null,
        null,
        1984,
        null,
        1984,
        1984,
        1984,
        null,
        null,
        null,
        null
      ]
    },
    "timestamp": 1479069902
  }
}
